This file contains any messages produced by compilers while
running configure, to aid debugging if configure makes a mistake.

It was created by root_fastjet_template configure 1.0, which was
generated by GNU Autoconf 2.59.  Invocation command line was

  $ ./configure 

## --------- ##
## Platform. ##
## --------- ##

hostname = lxplus438.cern.ch
uname -m = x86_64
uname -r = 2.6.18-348.3.1.el5
uname -s = Linux
uname -v = #1 SMP Tue Mar 12 08:02:37 CET 2013

/usr/bin/uname -p = unknown
/bin/uname -X     = unknown

/bin/arch              = x86_64
/usr/bin/arch -k       = unknown
/usr/convex/getsysinfo = unknown
hostinfo               = unknown
/bin/machine           = unknown
/usr/bin/oslevel       = unknown
/bin/universe          = unknown

PATH: /afs/cern.ch/user/a/anantoni/CMSSW_5_3_9/bin/slc5_amd64_gcc462
PATH: /afs/cern.ch/user/a/anantoni/CMSSW_5_3_9/external/slc5_amd64_gcc462/bin
PATH: /afs/cern.ch/cms/slc5_amd64_gcc462/cms/cmssw/CMSSW_5_3_9/bin/slc5_amd64_gcc462
PATH: /afs/cern.ch/cms/slc5_amd64_gcc462/cms/cmssw/CMSSW_5_3_9/external/slc5_amd64_gcc462/bin
PATH: /afs/cern.ch/cms/slc5_amd64_gcc462/external/gcc/4.6.2/bin
PATH: /afs/cern.ch/cms/caf/scripts
PATH: /afs/cern.ch/cms/common
PATH: /afs/cern.ch/cms/bin
PATH: /afs/cern.ch/cms/utils
PATH: /afs/cern.ch/user/a/anantoni/bin
PATH: /afs/cern.ch/user/a/anantoni/scripts
PATH: /usr/sue/bin
PATH: /afs/cern.ch/cms/bin/amd64_linux26
PATH: /afs/cern.ch/cms/system/bin
PATH: /usr/local/bin
PATH: /usr/local/bin/X11
PATH: /usr/bin
PATH: /bin
PATH: /usr/bin/X11
PATH: /cern/pro/bin
PATH: /afs/cern.ch/cms/caf/scripts
PATH: /afs/cern.ch/cms/common
PATH: /afs/cern.ch/cms/bin
PATH: /afs/cern.ch/cms/utils
PATH: /usr/lib64/qt-3.3/bin
PATH: /usr/kerberos/bin
PATH: //afs/cern.ch/user/a/anantoni/fastjet-install/bin
PATH: //afs/cern.ch/user/a/anantoni/fastjet-install/bin


## ----------- ##
## Core tests. ##
## ----------- ##

configure:1617: checking build system type
configure:1635: result: x86_64-redhat-linux-gnu
configure:1643: checking host system type
configure:1657: result: x86_64-redhat-linux-gnu
configure:1711: checking for gcc
configure:1727: found /afs/cern.ch/cms/slc5_amd64_gcc462/external/gcc/4.6.2/bin/gcc
configure:1737: result: gcc
configure:1981: checking for C compiler version
configure:1984: gcc --version </dev/null >&5
gcc (GCC) 4.6.2
Copyright (C) 2011 Free Software Foundation, Inc.
This is free software; see the source for copying conditions.  There is NO
warranty; not even for MERCHANTABILITY or FITNESS FOR A PARTICULAR PURPOSE.

configure:1987: $? = 0
configure:1989: gcc -v </dev/null >&5
Using built-in specs.
COLLECT_GCC=gcc
COLLECT_LTO_WRAPPER=/afs/cern.ch/cms/slc5_amd64_gcc462/external/gcc/4.6.2/bin/../libexec/gcc/x86_64-unknown-linux-gnu/4.6.2/lto-wrapper
Target: x86_64-unknown-linux-gnu
Configured with: ../configure --prefix=/build/ge/build-BOOTSTRAP_slc5_amd64_gcc462/b/tmp/BUILDROOT/84ea371043915a09039b845144c4c79e/opt/cmssw/slc5_amd64_gcc462/external/gcc/4.6.2 --disable-multilib --disable-nls --enable-languages=c,c++,fortran --enable-gold=yes --enable-lto --with-gmp=/build/ge/build-BOOTSTRAP_slc5_amd64_gcc462/b/tmp/BUILDROOT/84ea371043915a09039b845144c4c79e/opt/cmssw/slc5_amd64_gcc462/external/gcc/4.6.2 --with-mpfr=/build/ge/build-BOOTSTRAP_slc5_amd64_gcc462/b/tmp/BUILDROOT/84ea371043915a09039b845144c4c79e/opt/cmssw/slc5_amd64_gcc462/external/gcc/4.6.2 --with-mpc=/build/ge/build-BOOTSTRAP_slc5_amd64_gcc462/b/tmp/BUILDROOT/84ea371043915a09039b845144c4c79e/opt/cmssw/slc5_amd64_gcc462/external/gcc/4.6.2 --with-ppl=/build/ge/build-BOOTSTRAP_slc5_amd64_gcc462/b/tmp/BUILDROOT/84ea371043915a09039b845144c4c79e/opt/cmssw/slc5_amd64_gcc462/external/gcc/4.6.2 --with-cloog=/build/ge/build-BOOTSTRAP_slc5_amd64_gcc462/b/tmp/BUILDROOT/84ea371043915a09039b845144c4c79e/opt/cmssw/slc5_amd64_gcc462/external/gcc/4.6.2 --enable-cloog-backend=isl --enable-shared CC='gcc -fPIC' CXX='c++ -fPIC' CPP=cpp CXXCPP='c++ -E'
Thread model: posix
gcc version 4.6.2 (GCC) 
configure:1992: $? = 0
configure:1994: gcc -V </dev/null >&5
gcc: error: unrecognized option '-V'
gcc: fatal error: no input files
compilation terminated.
configure:1997: $? = 1
configure:2020: checking for C compiler default output file name
configure:2023: gcc    conftest.c  >&5
configure:2026: $? = 0
configure:2072: result: a.out
configure:2077: checking whether the C compiler works
configure:2083: ./a.out
configure:2086: $? = 0
configure:2103: result: yes
configure:2110: checking whether we are cross compiling
configure:2112: result: no
configure:2115: checking for suffix of executables
configure:2117: gcc -o conftest    conftest.c  >&5
configure:2120: $? = 0
configure:2145: result: 
configure:2151: checking for suffix of object files
configure:2172: gcc -c   conftest.c >&5
configure:2175: $? = 0
configure:2197: result: o
configure:2201: checking whether we are using the GNU C compiler
configure:2225: gcc -c   conftest.c >&5
configure:2231: $? = 0
configure:2235: test -z 
			 || test ! -s conftest.err
configure:2238: $? = 0
configure:2241: test -s conftest.o
configure:2244: $? = 0
configure:2257: result: yes
configure:2263: checking whether gcc accepts -g
configure:2284: gcc -c -g  conftest.c >&5
configure:2290: $? = 0
configure:2294: test -z 
			 || test ! -s conftest.err
configure:2297: $? = 0
configure:2300: test -s conftest.o
configure:2303: $? = 0
configure:2314: result: yes
configure:2331: checking for gcc option to accept ANSI C
configure:2401: gcc  -c -g -O2  conftest.c >&5
configure:2407: $? = 0
configure:2411: test -z 
			 || test ! -s conftest.err
configure:2414: $? = 0
configure:2417: test -s conftest.o
configure:2420: $? = 0
configure:2438: result: none needed
configure:2456: gcc -c -g -O2  conftest.c >&5
conftest.c:2:3: error: unknown type name 'choke'
conftest.c:2:3: error: expected '=', ',', ';', 'asm' or '__attribute__' at end of input
configure:2462: $? = 1
configure: failed program was:
| #ifndef __cplusplus
|   choke me
| #endif
configure:2595: checking for a sed that does not truncate output
configure:2651: result: /bin/sed
configure:2654: checking for egrep
configure:2664: result: grep -E
configure:2680: checking for ld used by gcc
configure:2747: result: /afs/cern.ch/cms/slc5_amd64_gcc462/external/gcc/4.6.2/x86_64-unknown-linux-gnu/bin/ld
configure:2756: checking if the linker (/afs/cern.ch/cms/slc5_amd64_gcc462/external/gcc/4.6.2/x86_64-unknown-linux-gnu/bin/ld) is GNU ld
configure:2771: result: yes
configure:2776: checking for /afs/cern.ch/cms/slc5_amd64_gcc462/external/gcc/4.6.2/x86_64-unknown-linux-gnu/bin/ld option to reload object files
configure:2783: result: -r
configure:2801: checking for BSD-compatible nm
configure:2850: result: /afs/cern.ch/cms/slc5_amd64_gcc462/external/gcc/4.6.2/bin/nm -B
configure:2854: checking whether ln -s works
configure:2858: result: yes
configure:2865: checking how to recognise dependent libraries
configure:3041: result: pass_all
configure:3129: gcc -c -g -O2  conftest.c >&5
configure:3132: $? = 0
configure:3278: checking how to run the C preprocessor
configure:3313: gcc -E  conftest.c
configure:3319: $? = 0
configure:3351: gcc -E  conftest.c
conftest.c:9:28: fatal error: ac_nonexistent.h: No such file or directory
compilation terminated.
configure:3357: $? = 1
configure: failed program was:
| /* confdefs.h.  */
| 
| #define PACKAGE_NAME "root_fastjet_template"
| #define PACKAGE_TARNAME "root_fastjet_template"
| #define PACKAGE_VERSION "1.0"
| #define PACKAGE_STRING "root_fastjet_template 1.0"
| #define PACKAGE_BUGREPORT "anastasios.antoniadis@cern.ch"
| /* end confdefs.h.  */
| #include <ac_nonexistent.h>
configure:3396: result: gcc -E
configure:3420: gcc -E  conftest.c
configure:3426: $? = 0
configure:3458: gcc -E  conftest.c
conftest.c:9:28: fatal error: ac_nonexistent.h: No such file or directory
compilation terminated.
configure:3464: $? = 1
configure: failed program was:
| /* confdefs.h.  */
| 
| #define PACKAGE_NAME "root_fastjet_template"
| #define PACKAGE_TARNAME "root_fastjet_template"
| #define PACKAGE_VERSION "1.0"
| #define PACKAGE_STRING "root_fastjet_template 1.0"
| #define PACKAGE_BUGREPORT "anastasios.antoniadis@cern.ch"
| /* end confdefs.h.  */
| #include <ac_nonexistent.h>
configure:3508: checking for ANSI C header files
configure:3533: gcc -c -g -O2  conftest.c >&5
configure:3539: $? = 0
configure:3543: test -z 
			 || test ! -s conftest.err
configure:3546: $? = 0
configure:3549: test -s conftest.o
configure:3552: $? = 0
configure:3641: gcc -o conftest -g -O2   conftest.c  >&5
conftest.c: In function 'main':
conftest.c:26:7: warning: incompatible implicit declaration of built-in function 'exit' [enabled by default]
configure:3644: $? = 0
configure:3646: ./conftest
configure:3649: $? = 0
configure:3664: result: yes
configure:3688: checking for sys/types.h
configure:3704: gcc -c -g -O2  conftest.c >&5
configure:3710: $? = 0
configure:3714: test -z 
			 || test ! -s conftest.err
configure:3717: $? = 0
configure:3720: test -s conftest.o
configure:3723: $? = 0
configure:3734: result: yes
configure:3688: checking for sys/stat.h
configure:3704: gcc -c -g -O2  conftest.c >&5
configure:3710: $? = 0
configure:3714: test -z 
			 || test ! -s conftest.err
configure:3717: $? = 0
configure:3720: test -s conftest.o
configure:3723: $? = 0
configure:3734: result: yes
configure:3688: checking for stdlib.h
configure:3704: gcc -c -g -O2  conftest.c >&5
configure:3710: $? = 0
configure:3714: test -z 
			 || test ! -s conftest.err
configure:3717: $? = 0
configure:3720: test -s conftest.o
configure:3723: $? = 0
configure:3734: result: yes
configure:3688: checking for string.h
configure:3704: gcc -c -g -O2  conftest.c >&5
configure:3710: $? = 0
configure:3714: test -z 
			 || test ! -s conftest.err
configure:3717: $? = 0
configure:3720: test -s conftest.o
configure:3723: $? = 0
configure:3734: result: yes
configure:3688: checking for memory.h
configure:3704: gcc -c -g -O2  conftest.c >&5
configure:3710: $? = 0
configure:3714: test -z 
			 || test ! -s conftest.err
configure:3717: $? = 0
configure:3720: test -s conftest.o
configure:3723: $? = 0
configure:3734: result: yes
configure:3688: checking for strings.h
configure:3704: gcc -c -g -O2  conftest.c >&5
configure:3710: $? = 0
configure:3714: test -z 
			 || test ! -s conftest.err
configure:3717: $? = 0
configure:3720: test -s conftest.o
configure:3723: $? = 0
configure:3734: result: yes
configure:3688: checking for inttypes.h
configure:3704: gcc -c -g -O2  conftest.c >&5
configure:3710: $? = 0
configure:3714: test -z 
			 || test ! -s conftest.err
configure:3717: $? = 0
configure:3720: test -s conftest.o
configure:3723: $? = 0
configure:3734: result: yes
configure:3688: checking for stdint.h
configure:3704: gcc -c -g -O2  conftest.c >&5
configure:3710: $? = 0
configure:3714: test -z 
			 || test ! -s conftest.err
configure:3717: $? = 0
configure:3720: test -s conftest.o
configure:3723: $? = 0
configure:3734: result: yes
configure:3688: checking for unistd.h
configure:3704: gcc -c -g -O2  conftest.c >&5
configure:3710: $? = 0
configure:3714: test -z 
			 || test ! -s conftest.err
configure:3717: $? = 0
configure:3720: test -s conftest.o
configure:3723: $? = 0
configure:3734: result: yes
configure:3760: checking dlfcn.h usability
configure:3772: gcc -c -g -O2  conftest.c >&5
configure:3778: $? = 0
configure:3782: test -z 
			 || test ! -s conftest.err
configure:3785: $? = 0
configure:3788: test -s conftest.o
configure:3791: $? = 0
configure:3801: result: yes
configure:3805: checking dlfcn.h presence
configure:3815: gcc -E  conftest.c
configure:3821: $? = 0
configure:3841: result: yes
configure:3876: checking for dlfcn.h
configure:3883: result: yes
configure:3948: checking for g++
configure:3964: found /afs/cern.ch/cms/slc5_amd64_gcc462/external/gcc/4.6.2/bin/g++
configure:3974: result: g++
configure:3990: checking for C++ compiler version
configure:3993: g++ --version </dev/null >&5
g++ (GCC) 4.6.2
Copyright (C) 2011 Free Software Foundation, Inc.
This is free software; see the source for copying conditions.  There is NO
warranty; not even for MERCHANTABILITY or FITNESS FOR A PARTICULAR PURPOSE.

configure:3996: $? = 0
configure:3998: g++ -v </dev/null >&5
Using built-in specs.
COLLECT_GCC=g++
COLLECT_LTO_WRAPPER=/afs/cern.ch/cms/slc5_amd64_gcc462/external/gcc/4.6.2/bin/../libexec/gcc/x86_64-unknown-linux-gnu/4.6.2/lto-wrapper
Target: x86_64-unknown-linux-gnu
Configured with: ../configure --prefix=/build/ge/build-BOOTSTRAP_slc5_amd64_gcc462/b/tmp/BUILDROOT/84ea371043915a09039b845144c4c79e/opt/cmssw/slc5_amd64_gcc462/external/gcc/4.6.2 --disable-multilib --disable-nls --enable-languages=c,c++,fortran --enable-gold=yes --enable-lto --with-gmp=/build/ge/build-BOOTSTRAP_slc5_amd64_gcc462/b/tmp/BUILDROOT/84ea371043915a09039b845144c4c79e/opt/cmssw/slc5_amd64_gcc462/external/gcc/4.6.2 --with-mpfr=/build/ge/build-BOOTSTRAP_slc5_amd64_gcc462/b/tmp/BUILDROOT/84ea371043915a09039b845144c4c79e/opt/cmssw/slc5_amd64_gcc462/external/gcc/4.6.2 --with-mpc=/build/ge/build-BOOTSTRAP_slc5_amd64_gcc462/b/tmp/BUILDROOT/84ea371043915a09039b845144c4c79e/opt/cmssw/slc5_amd64_gcc462/external/gcc/4.6.2 --with-ppl=/build/ge/build-BOOTSTRAP_slc5_amd64_gcc462/b/tmp/BUILDROOT/84ea371043915a09039b845144c4c79e/opt/cmssw/slc5_amd64_gcc462/external/gcc/4.6.2 --with-cloog=/build/ge/build-BOOTSTRAP_slc5_amd64_gcc462/b/tmp/BUILDROOT/84ea371043915a09039b845144c4c79e/opt/cmssw/slc5_amd64_gcc462/external/gcc/4.6.2 --enable-cloog-backend=isl --enable-shared CC='gcc -fPIC' CXX='c++ -fPIC' CPP=cpp CXXCPP='c++ -E'
Thread model: posix
gcc version 4.6.2 (GCC) 
configure:4001: $? = 0
configure:4003: g++ -V </dev/null >&5
g++: error: unrecognized option '-V'
g++: fatal error: no input files
compilation terminated.
configure:4006: $? = 1
configure:4009: checking whether we are using the GNU C++ compiler
configure:4033: g++ -c   conftest.cc >&5
configure:4039: $? = 0
configure:4043: test -z 
			 || test ! -s conftest.err
configure:4046: $? = 0
configure:4049: test -s conftest.o
configure:4052: $? = 0
configure:4065: result: yes
configure:4071: checking whether g++ accepts -g
configure:4092: g++ -c -g  conftest.cc >&5
configure:4098: $? = 0
configure:4102: test -z 
			 || test ! -s conftest.err
configure:4105: $? = 0
configure:4108: test -s conftest.o
configure:4111: $? = 0
configure:4122: result: yes
configure:4164: g++ -c -g -O2  conftest.cc >&5
configure:4170: $? = 0
configure:4174: test -z 
			 || test ! -s conftest.err
configure:4177: $? = 0
configure:4180: test -s conftest.o
configure:4183: $? = 0
configure:4209: g++ -c -g -O2  conftest.cc >&5
conftest.cc: In function 'int main()':
conftest.cc:24:9: error: 'exit' was not declared in this scope
configure:4215: $? = 1
configure: failed program was:
| /* confdefs.h.  */
| 
| #define PACKAGE_NAME "root_fastjet_template"
| #define PACKAGE_TARNAME "root_fastjet_template"
| #define PACKAGE_VERSION "1.0"
| #define PACKAGE_STRING "root_fastjet_template 1.0"
| #define PACKAGE_BUGREPORT "anastasios.antoniadis@cern.ch"
| #define STDC_HEADERS 1
| #define HAVE_SYS_TYPES_H 1
| #define HAVE_SYS_STAT_H 1
| #define HAVE_STDLIB_H 1
| #define HAVE_STRING_H 1
| #define HAVE_MEMORY_H 1
| #define HAVE_STRINGS_H 1
| #define HAVE_INTTYPES_H 1
| #define HAVE_STDINT_H 1
| #define HAVE_UNISTD_H 1
| #define HAVE_DLFCN_H 1
| /* end confdefs.h.  */
| 
| int
| main ()
| {
| exit (42);
|   ;
|   return 0;
| }
configure:4164: g++ -c -g -O2  conftest.cc >&5
conftest.cc:20:40: error: 'void std::exit(int)' should have been declared inside 'std'
configure:4170: $? = 1
configure: failed program was:
| /* confdefs.h.  */
| 
| #define PACKAGE_NAME "root_fastjet_template"
| #define PACKAGE_TARNAME "root_fastjet_template"
| #define PACKAGE_VERSION "1.0"
| #define PACKAGE_STRING "root_fastjet_template 1.0"
| #define PACKAGE_BUGREPORT "anastasios.antoniadis@cern.ch"
| #define STDC_HEADERS 1
| #define HAVE_SYS_TYPES_H 1
| #define HAVE_SYS_STAT_H 1
| #define HAVE_STDLIB_H 1
| #define HAVE_STRING_H 1
| #define HAVE_MEMORY_H 1
| #define HAVE_STRINGS_H 1
| #define HAVE_INTTYPES_H 1
| #define HAVE_STDINT_H 1
| #define HAVE_UNISTD_H 1
| #define HAVE_DLFCN_H 1
| /* end confdefs.h.  */
| extern "C" void std::exit (int) throw (); using std::exit;
| #include <stdlib.h>
| int
| main ()
| {
| exit (42);
|   ;
|   return 0;
| }
configure:4164: g++ -c -g -O2  conftest.cc >&5
conftest.cc:20:31: error: 'void std::exit(int)' should have been declared inside 'std'
In file included from conftest.cc:21:0:
/usr/include/stdlib.h:646:70: error: declaration of 'void std::exit(int) throw ()' has a different exception specifier
conftest.cc:20:17: error: from previous declaration 'void std::exit(int)'
configure:4170: $? = 1
configure: failed program was:
| /* confdefs.h.  */
| 
| #define PACKAGE_NAME "root_fastjet_template"
| #define PACKAGE_TARNAME "root_fastjet_template"
| #define PACKAGE_VERSION "1.0"
| #define PACKAGE_STRING "root_fastjet_template 1.0"
| #define PACKAGE_BUGREPORT "anastasios.antoniadis@cern.ch"
| #define STDC_HEADERS 1
| #define HAVE_SYS_TYPES_H 1
| #define HAVE_SYS_STAT_H 1
| #define HAVE_STDLIB_H 1
| #define HAVE_STRING_H 1
| #define HAVE_MEMORY_H 1
| #define HAVE_STRINGS_H 1
| #define HAVE_INTTYPES_H 1
| #define HAVE_STDINT_H 1
| #define HAVE_UNISTD_H 1
| #define HAVE_DLFCN_H 1
| /* end confdefs.h.  */
| extern "C" void std::exit (int); using std::exit;
| #include <stdlib.h>
| int
| main ()
| {
| exit (42);
|   ;
|   return 0;
| }
configure:4164: g++ -c -g -O2  conftest.cc >&5
configure:4170: $? = 0
configure:4174: test -z 
			 || test ! -s conftest.err
configure:4177: $? = 0
configure:4180: test -s conftest.o
configure:4183: $? = 0
configure:4209: g++ -c -g -O2  conftest.cc >&5
configure:4215: $? = 0
configure:4219: test -z 
			 || test ! -s conftest.err
configure:4222: $? = 0
configure:4225: test -s conftest.o
configure:4228: $? = 0
configure:4261: checking how to run the C++ preprocessor
configure:4292: g++ -E  conftest.cc
configure:4298: $? = 0
configure:4330: g++ -E  conftest.cc
conftest.cc:23:28: fatal error: ac_nonexistent.h: No such file or directory
compilation terminated.
configure:4336: $? = 1
configure: failed program was:
| /* confdefs.h.  */
| 
| #define PACKAGE_NAME "root_fastjet_template"
| #define PACKAGE_TARNAME "root_fastjet_template"
| #define PACKAGE_VERSION "1.0"
| #define PACKAGE_STRING "root_fastjet_template 1.0"
| #define PACKAGE_BUGREPORT "anastasios.antoniadis@cern.ch"
| #define STDC_HEADERS 1
| #define HAVE_SYS_TYPES_H 1
| #define HAVE_SYS_STAT_H 1
| #define HAVE_STDLIB_H 1
| #define HAVE_STRING_H 1
| #define HAVE_MEMORY_H 1
| #define HAVE_STRINGS_H 1
| #define HAVE_INTTYPES_H 1
| #define HAVE_STDINT_H 1
| #define HAVE_UNISTD_H 1
| #define HAVE_DLFCN_H 1
| #ifdef __cplusplus
| extern "C" void exit (int) throw ();
| #endif
| /* end confdefs.h.  */
| #include <ac_nonexistent.h>
configure:4375: result: g++ -E
configure:4399: g++ -E  conftest.cc
configure:4405: $? = 0
configure:4437: g++ -E  conftest.cc
conftest.cc:23:28: fatal error: ac_nonexistent.h: No such file or directory
compilation terminated.
configure:4443: $? = 1
configure: failed program was:
| /* confdefs.h.  */
| 
| #define PACKAGE_NAME "root_fastjet_template"
| #define PACKAGE_TARNAME "root_fastjet_template"
| #define PACKAGE_VERSION "1.0"
| #define PACKAGE_STRING "root_fastjet_template 1.0"
| #define PACKAGE_BUGREPORT "anastasios.antoniadis@cern.ch"
| #define STDC_HEADERS 1
| #define HAVE_SYS_TYPES_H 1
| #define HAVE_SYS_STAT_H 1
| #define HAVE_STDLIB_H 1
| #define HAVE_STRING_H 1
| #define HAVE_MEMORY_H 1
| #define HAVE_STRINGS_H 1
| #define HAVE_INTTYPES_H 1
| #define HAVE_STDINT_H 1
| #define HAVE_UNISTD_H 1
| #define HAVE_DLFCN_H 1
| #ifdef __cplusplus
| extern "C" void exit (int) throw ();
| #endif
| /* end confdefs.h.  */
| #include <ac_nonexistent.h>
configure:4540: checking for g77
configure:4556: found /usr/bin/g77
configure:4566: result: g77
configure:4581: checking for Fortran 77 compiler version
configure:4584: g77 --version </dev/null >&5
GNU Fortran (GCC) 3.4.6 20060404 (Red Hat 3.4.6-4.1)
Copyright (C) 2006 Free Software Foundation, Inc.

GNU Fortran comes with NO WARRANTY, to the extent permitted by law.
You may redistribute copies of GNU Fortran
under the terms of the GNU General Public License.
For more information about these matters, see the file named COPYING
or type the command `info -f g77 Copying'.
configure:4587: $? = 0
configure:4589: g77 -v </dev/null >&5
Reading specs from /usr/lib/gcc/x86_64-redhat-linux/3.4.6/specs
Configured with: ../configure --prefix=/usr --mandir=/usr/share/man --infodir=/usr/share/info --enable-shared --enable-threads=posix --disable-checking --with-system-zlib --enable-__cxa_atexit --disable-libunwind-exceptions --enable-languages=c,c++,f77 --disable-libgcj --host=x86_64-redhat-linux
Thread model: posix
gcc version 3.4.6 20060404 (Red Hat 3.4.6-4.1)
configure:4592: $? = 0
configure:4594: g77 -V </dev/null >&5
g77: `-V' option must have argument
configure:4597: $? = 1
configure:4605: checking whether we are using the GNU Fortran 77 compiler
configure:4619: g77 -c  conftest.F >&5
configure:4625: $? = 0
configure:4629: test -z 
			 || test ! -s conftest.err
configure:4632: $? = 0
configure:4635: test -s conftest.o
configure:4638: $? = 0
configure:4651: result: yes
configure:4657: checking whether g77 accepts -g
configure:4669: g77 -c -g conftest.f >&5
configure:4675: $? = 0
configure:4679: test -z 
			 || test ! -s conftest.err
configure:4682: $? = 0
configure:4685: test -s conftest.o
configure:4688: $? = 0
configure:4700: result: yes
configure:4730: checking the maximum length of command line arguments
configure:4839: result: 32768
configure:4850: checking command to parse /afs/cern.ch/cms/slc5_amd64_gcc462/external/gcc/4.6.2/bin/nm -B output from gcc object
configure:4955: gcc -c -g -O2  conftest.c >&5
configure:4958: $? = 0
configure:4962: /afs/cern.ch/cms/slc5_amd64_gcc462/external/gcc/4.6.2/bin/nm -B conftest.o \| sed -n -e 's/^.*[ 	]\([ABCDGIRSTW][ABCDGIRSTW]*\)[ 	][ 	]*\([_A-Za-z][_A-Za-z0-9]*\)$/\1 \2 \2/p' \> conftest.nm
configure:4965: $? = 0
configure:5017: gcc -o conftest -g -O2   conftest.c conftstm.o >&5
configure:5020: $? = 0
configure:5058: result: ok
configure:5062: checking for objdir
configure:5077: result: .libs
configure:5167: checking for ar
configure:5183: found /afs/cern.ch/cms/slc5_amd64_gcc462/external/gcc/4.6.2/bin/ar
configure:5194: result: ar
configure:5247: checking for ranlib
configure:5263: found /afs/cern.ch/cms/slc5_amd64_gcc462/external/gcc/4.6.2/bin/ranlib
configure:5274: result: ranlib
configure:5327: checking for strip
configure:5343: found /afs/cern.ch/cms/slc5_amd64_gcc462/external/gcc/4.6.2/bin/strip
configure:5354: result: strip
configure:5626: checking if gcc supports -fno-rtti -fno-exceptions
configure:5644: gcc -c -g -O2  -fno-rtti -fno-exceptions conftest.c >&5
cc1: warning: command line option '-fno-rtti' is valid for C++/ObjC++ but not for C [enabled by default]
configure:5648: $? = 0
configure:5661: result: no
configure:5676: checking for gcc option to produce PIC
configure:5886: result: -fPIC
configure:5894: checking if gcc PIC flag -fPIC works
configure:5912: gcc -c -g -O2  -fPIC -DPIC conftest.c >&5
configure:5916: $? = 0
configure:5929: result: yes
configure:5957: checking if gcc static flag -static works
configure:5985: result: yes
configure:5995: checking if gcc supports -c -o file.o
configure:6016: gcc -c -g -O2  -o out/conftest2.o conftest.c >&5
configure:6020: $? = 0
configure:6042: result: yes
configure:6068: checking whether the gcc linker (/afs/cern.ch/cms/slc5_amd64_gcc462/external/gcc/4.6.2/x86_64-unknown-linux-gnu/bin/ld -m elf_x86_64) supports shared libraries
configure:7026: result: yes
configure:7047: checking whether -lc should be explicitly linked in
configure:7052: gcc -c -g -O2  conftest.c >&5
configure:7055: $? = 0
configure:7070: gcc -shared conftest.o  -v -Wl,-soname -Wl,conftest -o conftest 2\>\&1 \| grep  -lc  \>/dev/null 2\>\&1
configure:7073: $? = 0
configure:7085: result: no
configure:7093: checking dynamic linker characteristics
configure:7486: gcc -c -g -O2  conftest.c >&5
configure:7489: $? = 0
configure:7702: result: GNU/Linux ld.so
configure:7711: checking how to hardcode library paths into programs
configure:7736: result: immediate
configure:7750: checking whether stripping libraries is possible
configure:7755: result: yes
configure:8589: checking if libtool supports shared libraries
configure:8591: result: yes
configure:8594: checking whether to build shared libraries
configure:8615: result: yes
configure:8618: checking whether to build static libraries
configure:8622: result: yes
configure:8714: creating libtool
configure:9305: checking for ld used by g++
configure:9372: result: /afs/cern.ch/cms/slc5_amd64_gcc462/external/gcc/4.6.2/x86_64-unknown-linux-gnu/bin/ld -m elf_x86_64
configure:9381: checking if the linker (/afs/cern.ch/cms/slc5_amd64_gcc462/external/gcc/4.6.2/x86_64-unknown-linux-gnu/bin/ld -m elf_x86_64) is GNU ld
configure:9396: result: yes
configure:9447: checking whether the g++ linker (/afs/cern.ch/cms/slc5_amd64_gcc462/external/gcc/4.6.2/x86_64-unknown-linux-gnu/bin/ld -m elf_x86_64) supports shared libraries
configure:10385: result: yes
configure:10403: g++ -c -g -O2  conftest.cpp >&5
configure:10406: $? = 0
configure:10525: checking for g++ option to produce PIC
configure:10799: result: -fPIC
configure:10807: checking if g++ PIC flag -fPIC works
configure:10825: g++ -c -g -O2  -fPIC -DPIC conftest.cpp >&5
configure:10829: $? = 0
configure:10842: result: yes
configure:10870: checking if g++ static flag -static works
configure:10898: result: no
configure:10908: checking if g++ supports -c -o file.o
configure:10929: g++ -c -g -O2  -o out/conftest2.o conftest.cpp >&5
configure:10933: $? = 0
configure:10955: result: yes
configure:10981: checking whether the g++ linker (/afs/cern.ch/cms/slc5_amd64_gcc462/external/gcc/4.6.2/x86_64-unknown-linux-gnu/bin/ld -m elf_x86_64) supports shared libraries
configure:11006: result: yes
configure:11073: checking dynamic linker characteristics
configure:11466: g++ -c -g -O2  conftest.cpp >&5
configure:11469: $? = 0
configure:11682: result: GNU/Linux ld.so
configure:11691: checking how to hardcode library paths into programs
configure:11716: result: immediate
configure:12245: checking if libtool supports shared libraries
configure:12247: result: yes
configure:12250: checking whether to build shared libraries
configure:12270: result: yes
configure:12273: checking whether to build static libraries
configure:12277: result: yes
configure:12287: checking for g77 option to produce PIC
configure:12497: result: -fPIC
configure:12505: checking if g77 PIC flag -fPIC works
configure:12523: g77 -c -g -O2 -fPIC conftest.f >&5
configure:12527: $? = 0
configure:12540: result: yes
configure:12568: checking if g77 static flag -static works
configure:12596: result: yes
configure:12606: checking if g77 supports -c -o file.o
configure:12627: g77 -c -g -O2 -o out/conftest2.o conftest.f >&5
configure:12631: $? = 0
configure:12653: result: yes
configure:12679: checking whether the g77 linker (/afs/cern.ch/cms/slc5_amd64_gcc462/external/gcc/4.6.2/x86_64-unknown-linux-gnu/bin/ld -m elf_x86_64) supports shared libraries
configure:13617: result: yes
configure:13684: checking dynamic linker characteristics
configure:14077: g77 -c -g -O2 conftest.f >&5
configure:14080: $? = 0
configure:14293: result: GNU/Linux ld.so
configure:14302: checking how to hardcode library paths into programs
configure:14327: result: immediate
configure:17982: checking for a BSD-compatible install
configure:18037: result: /usr/bin/install -c
configure:18048: checking whether build environment is sane
configure:18091: result: yes
configure:18156: checking for gawk
configure:18172: found /usr/bin/gawk
configure:18182: result: gawk
configure:18192: checking whether make sets $(MAKE)
configure:18212: result: yes
configure:18242: checking for style of include used by make
configure:18270: result: GNU
configure:18446: checking dependency style of gcc
configure:18536: result: gcc3
configure:18555: checking dependency style of g++
configure:18645: result: gcc3
configure:18676: checking for an ANSI C-conforming const
configure:18743: gcc -c -g -O2  conftest.c >&5
configure:18749: $? = 0
configure:18753: test -z 
			 || test ! -s conftest.err
configure:18756: $? = 0
configure:18759: test -s conftest.o
configure:18762: $? = 0
configure:18773: result: yes
configure:18829: checking for gcc
configure:18855: result: gcc
configure:19099: checking for C compiler version
configure:19102: gcc --version </dev/null >&5
gcc (GCC) 4.6.2
Copyright (C) 2011 Free Software Foundation, Inc.
This is free software; see the source for copying conditions.  There is NO
warranty; not even for MERCHANTABILITY or FITNESS FOR A PARTICULAR PURPOSE.

configure:19105: $? = 0
configure:19107: gcc -v </dev/null >&5
Using built-in specs.
COLLECT_GCC=gcc
COLLECT_LTO_WRAPPER=/afs/cern.ch/cms/slc5_amd64_gcc462/external/gcc/4.6.2/bin/../libexec/gcc/x86_64-unknown-linux-gnu/4.6.2/lto-wrapper
Target: x86_64-unknown-linux-gnu
Configured with: ../configure --prefix=/build/ge/build-BOOTSTRAP_slc5_amd64_gcc462/b/tmp/BUILDROOT/84ea371043915a09039b845144c4c79e/opt/cmssw/slc5_amd64_gcc462/external/gcc/4.6.2 --disable-multilib --disable-nls --enable-languages=c,c++,fortran --enable-gold=yes --enable-lto --with-gmp=/build/ge/build-BOOTSTRAP_slc5_amd64_gcc462/b/tmp/BUILDROOT/84ea371043915a09039b845144c4c79e/opt/cmssw/slc5_amd64_gcc462/external/gcc/4.6.2 --with-mpfr=/build/ge/build-BOOTSTRAP_slc5_amd64_gcc462/b/tmp/BUILDROOT/84ea371043915a09039b845144c4c79e/opt/cmssw/slc5_amd64_gcc462/external/gcc/4.6.2 --with-mpc=/build/ge/build-BOOTSTRAP_slc5_amd64_gcc462/b/tmp/BUILDROOT/84ea371043915a09039b845144c4c79e/opt/cmssw/slc5_amd64_gcc462/external/gcc/4.6.2 --with-ppl=/build/ge/build-BOOTSTRAP_slc5_amd64_gcc462/b/tmp/BUILDROOT/84ea371043915a09039b845144c4c79e/opt/cmssw/slc5_amd64_gcc462/external/gcc/4.6.2 --with-cloog=/build/ge/build-BOOTSTRAP_slc5_amd64_gcc462/b/tmp/BUILDROOT/84ea371043915a09039b845144c4c79e/opt/cmssw/slc5_amd64_gcc462/external/gcc/4.6.2 --enable-cloog-backend=isl --enable-shared CC='gcc -fPIC' CXX='c++ -fPIC' CPP=cpp CXXCPP='c++ -E'
Thread model: posix
gcc version 4.6.2 (GCC) 
configure:19110: $? = 0
configure:19112: gcc -V </dev/null >&5
gcc: error: unrecognized option '-V'
gcc: fatal error: no input files
compilation terminated.
configure:19115: $? = 1
configure:19118: checking whether we are using the GNU C compiler
configure:19174: result: yes
configure:19180: checking whether gcc accepts -g
configure:19231: result: yes
configure:19248: checking for gcc option to accept ANSI C
configure:19355: result: none needed
configure:19373: gcc -c -g -O2  conftest.c >&5
conftest.c:2:3: error: unknown type name 'choke'
conftest.c:2:3: error: expected '=', ',', ';', 'asm' or '__attribute__' at end of input
configure:19379: $? = 1
configure: failed program was:
| #ifndef __cplusplus
|   choke me
| #endif
configure:19606: checking for C++ compiler version
configure:19609: g++ --version </dev/null >&5
g++ (GCC) 4.6.2
Copyright (C) 2011 Free Software Foundation, Inc.
This is free software; see the source for copying conditions.  There is NO
warranty; not even for MERCHANTABILITY or FITNESS FOR A PARTICULAR PURPOSE.

configure:19612: $? = 0
configure:19614: g++ -v </dev/null >&5
Using built-in specs.
COLLECT_GCC=g++
COLLECT_LTO_WRAPPER=/afs/cern.ch/cms/slc5_amd64_gcc462/external/gcc/4.6.2/bin/../libexec/gcc/x86_64-unknown-linux-gnu/4.6.2/lto-wrapper
Target: x86_64-unknown-linux-gnu
Configured with: ../configure --prefix=/build/ge/build-BOOTSTRAP_slc5_amd64_gcc462/b/tmp/BUILDROOT/84ea371043915a09039b845144c4c79e/opt/cmssw/slc5_amd64_gcc462/external/gcc/4.6.2 --disable-multilib --disable-nls --enable-languages=c,c++,fortran --enable-gold=yes --enable-lto --with-gmp=/build/ge/build-BOOTSTRAP_slc5_amd64_gcc462/b/tmp/BUILDROOT/84ea371043915a09039b845144c4c79e/opt/cmssw/slc5_amd64_gcc462/external/gcc/4.6.2 --with-mpfr=/build/ge/build-BOOTSTRAP_slc5_amd64_gcc462/b/tmp/BUILDROOT/84ea371043915a09039b845144c4c79e/opt/cmssw/slc5_amd64_gcc462/external/gcc/4.6.2 --with-mpc=/build/ge/build-BOOTSTRAP_slc5_amd64_gcc462/b/tmp/BUILDROOT/84ea371043915a09039b845144c4c79e/opt/cmssw/slc5_amd64_gcc462/external/gcc/4.6.2 --with-ppl=/build/ge/build-BOOTSTRAP_slc5_amd64_gcc462/b/tmp/BUILDROOT/84ea371043915a09039b845144c4c79e/opt/cmssw/slc5_amd64_gcc462/external/gcc/4.6.2 --with-cloog=/build/ge/build-BOOTSTRAP_slc5_amd64_gcc462/b/tmp/BUILDROOT/84ea371043915a09039b845144c4c79e/opt/cmssw/slc5_amd64_gcc462/external/gcc/4.6.2 --enable-cloog-backend=isl --enable-shared CC='gcc -fPIC' CXX='c++ -fPIC' CPP=cpp CXXCPP='c++ -E'
Thread model: posix
gcc version 4.6.2 (GCC) 
configure:19617: $? = 0
configure:19619: g++ -V </dev/null >&5
g++: error: unrecognized option '-V'
g++: fatal error: no input files
compilation terminated.
configure:19622: $? = 1
configure:19625: checking whether we are using the GNU C++ compiler
configure:19681: result: yes
configure:19687: checking whether g++ accepts -g
configure:19738: result: yes
configure:19780: g++ -c -g -O2  conftest.cc >&5
configure:19786: $? = 0
configure:19790: test -z 
			 || test ! -s conftest.err
configure:19793: $? = 0
configure:19796: test -s conftest.o
configure:19799: $? = 0
configure:19825: g++ -c -g -O2  conftest.cc >&5
configure:19831: $? = 0
configure:19835: test -z 
			 || test ! -s conftest.err
configure:19838: $? = 0
configure:19841: test -s conftest.o
configure:19844: $? = 0
configure:19886: checking for root-config
configure:19904: found /afs/cern.ch/cms/slc5_amd64_gcc462/lcg/root/5.32.00-cms21//bin/root-config
configure:19917: result: /afs/cern.ch/cms/slc5_amd64_gcc462/lcg/root/5.32.00-cms21//bin/root-config
configure:19926: checking for root
configure:19944: found /afs/cern.ch/cms/slc5_amd64_gcc462/lcg/root/5.32.00-cms21//bin/root
configure:19957: result: /afs/cern.ch/cms/slc5_amd64_gcc462/lcg/root/5.32.00-cms21//bin/root
configure:19966: checking for rootcint
configure:19984: found /afs/cern.ch/cms/slc5_amd64_gcc462/lcg/root/5.32.00-cms21//bin/rootcint
configure:19997: result: /afs/cern.ch/cms/slc5_amd64_gcc462/lcg/root/5.32.00-cms21//bin/rootcint
configure:20078: checking for root-config
configure:20109: result: /afs/cern.ch/cms/slc5_amd64_gcc462/lcg/root/5.32.00-cms21//bin/root-config
configure:20118: checking for root
configure:20149: result: /afs/cern.ch/cms/slc5_amd64_gcc462/lcg/root/5.32.00-cms21//bin/root
configure:20158: checking for rootcint
configure:20189: result: /afs/cern.ch/cms/slc5_amd64_gcc462/lcg/root/5.32.00-cms21//bin/rootcint
configure:20261: checking for fastjet-config
configure:20279: found //afs/cern.ch/user/a/anantoni/fastjet-install/bin/fastjet-config
configure:20292: result: //afs/cern.ch/user/a/anantoni/fastjet-install/bin/fastjet-config
configure:20358: checking if FastJet is functional
configure:20386: g++ -c -g -O2 -I/afs/cern.ch/user/a/anantoni/fastjet-3.0.3/../fastjet-install/include  conftest.cc >&5
configure:20392: $? = 0
configure:20396: test -z 
			 || test ! -s conftest.err
configure:20399: $? = 0
configure:20402: test -s conftest.o
configure:20405: $? = 0
configure:20415: result: yes
configure:20426: checking FastJet
configure:20433: result: yes
configure:20457: checking for gettimeofday
configure:20514: gcc -o conftest -g -O2   conftest.c  >&5
configure:20520: $? = 0
configure:20524: test -z 
			 || test ! -s conftest.err
configure:20527: $? = 0
configure:20530: test -s conftest
configure:20533: $? = 0
configure:20545: result: yes
configure:20569: checking sys/time.h usability
configure:20581: gcc -c -g -O2  conftest.c >&5
configure:20587: $? = 0
configure:20591: test -z 
			 || test ! -s conftest.err
configure:20594: $? = 0
configure:20597: test -s conftest.o
configure:20600: $? = 0
configure:20610: result: yes
configure:20614: checking sys/time.h presence
configure:20624: gcc -E  conftest.c
configure:20630: $? = 0
configure:20650: result: yes
configure:20685: checking for sys/time.h
configure:20692: result: yes
configure:20705: checking whether time.h and sys/time.h may both be included
configure:20730: gcc -c -g -O2  conftest.c >&5
configure:20736: $? = 0
configure:20740: test -z 
			 || test ! -s conftest.err
configure:20743: $? = 0
configure:20746: test -s conftest.o
configure:20749: $? = 0
configure:20760: result: yes
configure:20791: checking for a BSD-compatible install
configure:20846: result: /usr/bin/install -c
configure:20982: creating ./config.status

## ---------------------- ##
## Running config.status. ##
## ---------------------- ##

This file was extended by root_fastjet_template config.status 1.0, which was
generated by GNU Autoconf 2.59.  Invocation command line was

  CONFIG_FILES    = 
  CONFIG_HEADERS  = 
  CONFIG_LINKS    = 
  CONFIG_COMMANDS = 
  $ ./config.status 

on lxplus438.cern.ch

config.status:734: creating Makefile
config.status:734: creating src/Makefile
config.status:734: creating lib/Makefile
config.status:838: creating config.h
config.status:952: config.h is unchanged
config.status:1132: executing depfiles commands

## ---------------- ##
## Cache variables. ##
## ---------------- ##

ac_cv_build=x86_64-redhat-linux-gnu
ac_cv_build_alias=x86_64-redhat-linux-gnu
ac_cv_c_compiler_gnu=yes
ac_cv_c_const=yes
ac_cv_cxx_compiler_gnu=yes
ac_cv_env_CC_set=
ac_cv_env_CC_value=
ac_cv_env_CFLAGS_set=
ac_cv_env_CFLAGS_value=
ac_cv_env_CPPFLAGS_set=
ac_cv_env_CPPFLAGS_value=
ac_cv_env_CPP_set=
ac_cv_env_CPP_value=
ac_cv_env_CXXCPP_set=
ac_cv_env_CXXCPP_value=
ac_cv_env_CXXFLAGS_set=
ac_cv_env_CXXFLAGS_value=
ac_cv_env_CXX_set=
ac_cv_env_CXX_value=
ac_cv_env_F77_set=
ac_cv_env_F77_value=
ac_cv_env_FFLAGS_set=
ac_cv_env_FFLAGS_value=
ac_cv_env_LDFLAGS_set=
ac_cv_env_LDFLAGS_value=
ac_cv_env_build_alias_set=
ac_cv_env_build_alias_value=
ac_cv_env_host_alias_set=
ac_cv_env_host_alias_value=
ac_cv_env_target_alias_set=
ac_cv_env_target_alias_value=
ac_cv_exeext=
ac_cv_f77_compiler_gnu=yes
ac_cv_func_gettimeofday=yes
ac_cv_header_dlfcn_h=yes
ac_cv_header_inttypes_h=yes
ac_cv_header_memory_h=yes
ac_cv_header_stdc=yes
ac_cv_header_stdint_h=yes
ac_cv_header_stdlib_h=yes
ac_cv_header_string_h=yes
ac_cv_header_strings_h=yes
ac_cv_header_sys_stat_h=yes
ac_cv_header_sys_time_h=yes
ac_cv_header_sys_types_h=yes
ac_cv_header_time=yes
ac_cv_header_unistd_h=yes
ac_cv_host=x86_64-redhat-linux-gnu
ac_cv_host_alias=x86_64-redhat-linux-gnu
ac_cv_objext=o
ac_cv_path_ROOTCINT=/afs/cern.ch/cms/slc5_amd64_gcc462/lcg/root/5.32.00-cms21//bin/rootcint
ac_cv_path_ROOTCONF=/afs/cern.ch/cms/slc5_amd64_gcc462/lcg/root/5.32.00-cms21//bin/root-config
ac_cv_path_ROOTEXEC=/afs/cern.ch/cms/slc5_amd64_gcc462/lcg/root/5.32.00-cms21//bin/root
ac_cv_path_fjconfig=//afs/cern.ch/user/a/anantoni/fastjet-install/bin/fastjet-config
ac_cv_path_install='/usr/bin/install -c'
ac_cv_prog_AWK=gawk
ac_cv_prog_CPP='gcc -E'
ac_cv_prog_CXXCPP='g++ -E'
ac_cv_prog_ac_ct_AR=ar
ac_cv_prog_ac_ct_CC=gcc
ac_cv_prog_ac_ct_CXX=g++
ac_cv_prog_ac_ct_F77=g77
ac_cv_prog_ac_ct_RANLIB=ranlib
ac_cv_prog_ac_ct_STRIP=strip
ac_cv_prog_cc_g=yes
ac_cv_prog_cc_stdc=
ac_cv_prog_cxx_g=yes
ac_cv_prog_egrep='grep -E'
ac_cv_prog_f77_g=yes
ac_cv_prog_make_make_set=yes
am_cv_CC_dependencies_compiler_type=gcc3
am_cv_CXX_dependencies_compiler_type=gcc3
lt_cv_deplibs_check_method=pass_all
lt_cv_file_magic_cmd='$MAGIC_CMD'
lt_cv_file_magic_test_file=
lt_cv_ld_reload_flag=-r
lt_cv_objdir=.libs
lt_cv_path_LD=/afs/cern.ch/cms/slc5_amd64_gcc462/external/gcc/4.6.2/x86_64-unknown-linux-gnu/bin/ld
lt_cv_path_LDCXX='/afs/cern.ch/cms/slc5_amd64_gcc462/external/gcc/4.6.2/x86_64-unknown-linux-gnu/bin/ld -m elf_x86_64'
lt_cv_path_NM='/afs/cern.ch/cms/slc5_amd64_gcc462/external/gcc/4.6.2/bin/nm -B'
lt_cv_path_SED=/bin/sed
lt_cv_prog_compiler_c_o=yes
lt_cv_prog_compiler_c_o_CXX=yes
lt_cv_prog_compiler_c_o_F77=yes
lt_cv_prog_compiler_rtti_exceptions=no
lt_cv_prog_gnu_ld=yes
lt_cv_prog_gnu_ldcxx=yes
lt_cv_sys_global_symbol_pipe='sed -n -e '\''s/^.*[ 	]\([ABCDGIRSTW][ABCDGIRSTW]*\)[ 	][ 	]*\([_A-Za-z][_A-Za-z0-9]*\)$/\1 \2 \2/p'\'''
lt_cv_sys_global_symbol_to_c_name_address='sed -n -e '\''s/^: \([^ ]*\) $/  {\"\1\", (lt_ptr) 0},/p'\'' -e '\''s/^[BCDEGRST] \([^ ]*\) \([^ ]*\)$/  {"\2", (lt_ptr) \&\2},/p'\'''
lt_cv_sys_global_symbol_to_cdecl='sed -n -e '\''s/^. .* \(.*\)$/extern int \1;/p'\'''
lt_cv_sys_max_cmd_len=32768
lt_lt_cv_prog_compiler_c_o='"yes"'
lt_lt_cv_prog_compiler_c_o_CXX='"yes"'
lt_lt_cv_prog_compiler_c_o_F77='"yes"'
lt_lt_cv_sys_global_symbol_pipe='"sed -n -e '\''s/^.*[ 	]\\([ABCDGIRSTW][ABCDGIRSTW]*\\)[ 	][ 	]*\\([_A-Za-z][_A-Za-z0-9]*\\)\$/\\1 \\2 \\2/p'\''"'
lt_lt_cv_sys_global_symbol_to_c_name_address='"sed -n -e '\''s/^: \\([^ ]*\\) \$/  {\\\"\\1\\\", (lt_ptr) 0},/p'\'' -e '\''s/^[BCDEGRST] \\([^ ]*\\) \\([^ ]*\\)\$/  {\"\\2\", (lt_ptr) \\&\\2},/p'\''"'
lt_lt_cv_sys_global_symbol_to_cdecl='"sed -n -e '\''s/^. .* \\(.*\\)\$/extern int \\1;/p'\''"'

## ----------------- ##
## Output variables. ##
## ----------------- ##

ACLOCAL='${SHELL} /afs/cern.ch/user/a/anantoni/projects/root_fastjet_template/missing --run aclocal-1.9'
AMDEPBACKSLASH='\'
AMDEP_FALSE='#'
AMDEP_TRUE=''
AMTAR='${SHELL} /afs/cern.ch/user/a/anantoni/projects/root_fastjet_template/missing --run tar'
AR='ar'
AUTOCONF='${SHELL} /afs/cern.ch/user/a/anantoni/projects/root_fastjet_template/missing --run autoconf'
AUTOHEADER='${SHELL} /afs/cern.ch/user/a/anantoni/projects/root_fastjet_template/missing --run autoheader'
AUTOMAKE='${SHELL} /afs/cern.ch/user/a/anantoni/projects/root_fastjet_template/missing --run automake-1.9'
AWK='gawk'
CC='gcc'
CCDEPMODE='depmode=gcc3'
CFLAGS='-g -O2'
CPP='gcc -E'
CPPFLAGS=''
CXX='g++'
CXXCPP='g++ -E'
CXXDEPMODE='depmode=gcc3'
CXXFLAGS='-g -O2'
CYGPATH_W='echo'
DEFS='-DHAVE_CONFIG_H'
DEPDIR='.deps'
ECHO='echo'
ECHO_C=''
ECHO_N='-n'
ECHO_T=''
EGREP='grep -E'
EXEEXT=''
F77='g77'
FASTJET_CXXFLAGS='-I/afs/cern.ch/user/a/anantoni/fastjet-3.0.3/../fastjet-install/include'
FASTJET_LIBS='-Wl,-rpath,/afs/cern.ch/user/a/anantoni/fastjet-3.0.3/../fastjet-install/lib -lm -L/afs/cern.ch/user/a/anantoni/fastjet-3.0.3/../fastjet-install/lib -lfastjettools -lfastjet -lfastjetplugins -lsiscone_spherical -lsiscone'
FFLAGS='-g -O2'
INSTALL_DATA='${INSTALL} -m 644'
INSTALL_PROGRAM='${INSTALL}'
INSTALL_SCRIPT='${INSTALL}'
INSTALL_STRIP_PROGRAM='${SHELL} $(install_sh) -c -s'
LDFLAGS=''
LIBOBJS=''
LIBS=''
LIBTOOL='$(SHELL) $(top_builddir)/libtool'
LN_S='ln -s'
LTLIBOBJS=''
MAKEINFO='${SHELL} /afs/cern.ch/user/a/anantoni/projects/root_fastjet_template/missing --run makeinfo'
OBJEXT='o'
PACKAGE='root_fastjet_template'
PACKAGE_BUGREPORT='anastasios.antoniadis@cern.ch'
PACKAGE_NAME='root_fastjet_template'
PACKAGE_STRING='root_fastjet_template 1.0'
PACKAGE_TARNAME='root_fastjet_template'
PACKAGE_VERSION='1.0'
PATH_SEPARATOR=':'
RANLIB='ranlib'
ROOTAUXCFLAGS='-pthread -m64'
ROOTAUXLIBS='-pthread -lm -ldl -rdynamic'
ROOTCFLAGS='-I/afs/cern.ch/cms/slc5_amd64_gcc462/lcg/root/5.32.00-cms21/include'
ROOTCINT='/afs/cern.ch/cms/slc5_amd64_gcc462/lcg/root/5.32.00-cms21//bin/rootcint'
ROOTCONF='/afs/cern.ch/cms/slc5_amd64_gcc462/lcg/root/5.32.00-cms21//bin/root-config'
ROOTETCDIR='/afs/cern.ch/cms/slc5_amd64_gcc462/lcg/root/5.32.00-cms21/etc'
ROOTEXEC='/afs/cern.ch/cms/slc5_amd64_gcc462/lcg/root/5.32.00-cms21//bin/root'
ROOTGLIBS='-lGui -lCore -lCint -lRIO -lNet -lHist -lGraf -lGraf3d -lGpad -lTree -lRint -lPostscript -lMatrix -lPhysics -lMathCore -lThread'
ROOTINCDIR='/afs/cern.ch/cms/slc5_amd64_gcc462/lcg/root/5.32.00-cms21/include'
ROOTLIBDIR='/afs/cern.ch/cms/slc5_amd64_gcc462/lcg/root/5.32.00-cms21/lib'
ROOTLIBS='-lCore -lCint -lRIO -lNet -lHist -lGraf -lGraf3d -lGpad -lTree -lRint -lPostscript -lMatrix -lPhysics -lMathCore -lThread'
ROOTRPATH='/afs/cern.ch/cms/slc5_amd64_gcc462/lcg/root/5.32.00-cms21/lib'
ROOTSOVERSION='5.32'
ROOTVERSION='5.32/00'
SED='/bin/sed'
SET_MAKE=''
SHELL='/bin/sh'
STRIP='strip'
VERSION='1.0'
ac_ct_AR='ar'
ac_ct_CC='gcc'
ac_ct_CXX='g++'
ac_ct_F77='g77'
ac_ct_RANLIB='ranlib'
ac_ct_STRIP='strip'
am__fastdepCC_FALSE='#'
am__fastdepCC_TRUE=''
am__fastdepCXX_FALSE='#'
am__fastdepCXX_TRUE=''
am__include='include'
am__leading_dot='.'
am__quote=''
am__tar='${AMTAR} chof - "$$tardir"'
am__untar='${AMTAR} xf -'
bindir='${exec_prefix}/bin'
build='x86_64-redhat-linux-gnu'
build_alias=''
build_cpu='x86_64'
build_os='linux-gnu'
build_vendor='redhat'
datadir='${prefix}/share'
exec_prefix='${prefix}'
fjconfig='//afs/cern.ch/user/a/anantoni/fastjet-install/bin/fastjet-config'
host='x86_64-redhat-linux-gnu'
host_alias=''
host_cpu='x86_64'
host_os='linux-gnu'
host_vendor='redhat'
includedir='${prefix}/include'
infodir='${prefix}/info'
install_sh='/afs/cern.ch/user/a/anantoni/projects/root_fastjet_template/install-sh'
libdir='${exec_prefix}/lib'
libexecdir='${exec_prefix}/libexec'
localstatedir='${prefix}/var'
mandir='${prefix}/man'
mkdir_p='mkdir -p --'
oldincludedir='/usr/include'
prefix='/usr/local'
program_transform_name='s,x,x,'
sbindir='${exec_prefix}/sbin'
sharedstatedir='${prefix}/com'
sysconfdir='${prefix}/etc'
target_alias=''

## ----------- ##
## confdefs.h. ##
## ----------- ##

#define HAVE_DLFCN_H 1
#define HAVE_GETTIMEOFDAY 1
#define HAVE_INTTYPES_H 1
#define HAVE_MEMORY_H 1
#define HAVE_STDINT_H 1
#define HAVE_STDLIB_H 1
#define HAVE_STRINGS_H 1
#define HAVE_STRING_H 1
#define HAVE_SYS_STAT_H 1
#define HAVE_SYS_TIME_H 1
#define HAVE_SYS_TYPES_H 1
#define HAVE_UNISTD_H 1
#define PACKAGE "root_fastjet_template"
#define PACKAGE_BUGREPORT "anastasios.antoniadis@cern.ch"
#define PACKAGE_NAME "root_fastjet_template"
#define PACKAGE_STRING "root_fastjet_template 1.0"
#define PACKAGE_TARNAME "root_fastjet_template"
#define PACKAGE_VERSION "1.0"
#define STDC_HEADERS 1
#define TIME_WITH_SYS_TIME 1
#define VERSION "1.0"
#endif
#ifdef __cplusplus
extern "C" void exit (int) throw ();

configure: exit 0
